#
# A fatal error has been detected by the Java Runtime Environment:
#
#  EXCEPTION_ACCESS_VIOLATION (0xc0000005) at pc=0x000001f291245d2f, pid=3772, tid=16240
#
# JRE version: Java(TM) SE Runtime Environment (22.0.1+8) (build 22.0.1+8-16)
# Java VM: Java HotSpot(TM) 64-Bit Server VM (22.0.1+8-16, mixed mode, emulated-client, sharing, tiered, compressed oops, compressed class ptrs, serial gc, windows-amd64)
# Problematic frame:
# v  ~BufferBlob::MethodHandles adapters 0x000001f291245d2f
#
# No core dump will be written. Minidumps are not enabled by default on client versions of Windows
#
# If you would like to submit a bug report, please visit:
#   https://bugreport.java.com/bugreport/crash.jsp
#

---------------  S U M M A R Y ------------

Command Line: -XX:+ShowCodeDetailsInExceptionMessages -agentlib:jdwp=transport=dt_socket,suspend=y,address=localhost:55511 -Dcom.sun.management.jmxremote -Dcom.sun.management.jmxremote.port=55510 -Dcom.sun.management.jmxremote.authenticate=false -Dcom.sun.management.jmxremote.ssl=false -Djava.rmi.server.hostname=localhost -Dspring.jmx.enabled=true -Dmanagement.endpoints.jmx.exposure.include=* -Dspring.application.admin.enabled=true -XX:TieredStopAtLevel=1 -Dspring.boot.project.name=Spring-security-scrapeco -javaagent:E:\Application\sts-4.24.0.RELEASE\configuration\org.eclipse.osgi\270\0\.cp\lib\javaagent-shaded.jar -Dfile.encoding=UTF-8 -Dstdout.encoding=UTF-8 -Dstderr.encoding=UTF-8 in.scrapeco.SpringSecurityScrapecoApplication --spring.output.ansi.enabled=always

Host: 11th Gen Intel(R) Core(TM) i3-1115G4 @ 3.00GHz, 1 cores, 11G,  Windows 11 , 64 bit Build 22621 (10.0.22621.3958)
Time: Wed Oct  9 23:42:13 2024 India Standard Time elapsed time: 449.927601 seconds (0d 0h 7m 29s)

---------------  T H R E A D  ---------------

Current thread (0x000001f2dd5d2ac0):  JavaThread "restartedMain"        [_thread_in_Java, id=16240, stack(0x000000e640100000,0x000000e640200000) (1024K)]

Stack: [0x000000e640100000,0x000000e640200000],  sp=0x000000e6401fdde8,  free space=1015k
Native frames: (J=compiled Java code, j=interpreted, Vv=VM code, C=native code)
C  0x000001f291245d2f  (no source info available)

The last pc belongs to _linkToSpecial (printed below).

siginfo: EXCEPTION_ACCESS_VIOLATION (0xc0000005), reading address 0xfffffffffffffff7


Registers:
RAX=0x000001f291218de6, RBX=0x0000000744d6df08, RCX=0xfffffffffffffff7, RDX=0x0000000000000002
RSP=0x000000e6401fdde8, RBP=0x000000e6401fde38, RSI=0x000001f2db30d648, RDI=0x000001f2dd712750
R8 =0x0000000000000004, R9 =0x0000000000000004, R10=0x00007ff979c7b900, R11=0x000001f295099908
R12=0x0000000000000000, R13=0x000000e6401fdde8, R14=0x000000e6401fde58, R15=0x000001f2dd5d2ac0
RIP=0x000001f291245d2f, EFLAGS=0x0000000000010202


Register to memory mapping:

RAX=0x000001f291218de6 is at code_begin+3174 in an Interpreter codelet
return entry points  [0x000001f291218180, 0x000001f29121a088]  7944 bytes
RBX=0x0000000744d6df08 is an oop: in.scrapeco.service.TokenBlacklistService 
{0x0000000744d6df08} - klass: 'in/scrapeco/service/TokenBlacklistService'
 - ---- fields (total size 2 words):
 - private final 'blacklistedTokens' 'Ljava/util/Set;' @12  null (0x00000000)
RCX=0xfffffffffffffff7 is an unknown value
RDX=0x0000000000000002 is an unknown value
RSP=0x000000e6401fdde8 is pointing into the stack for thread: 0x000001f2dd5d2ac0
RBP=0x000000e6401fde38 is pointing into the stack for thread: 0x000001f2dd5d2ac0
RSI=0x000001f2db30d648 points into unknown readable memory: 0x8800666ec91b978c | 8c 97 1b c9 6e 66 00 88
RDI=0x000001f2dd712750 points into unknown readable memory: 0x0000001800000070 | 70 00 00 00 18 00 00 00
R8 =0x0000000000000004 is an unknown value
R9 =0x0000000000000004 is an unknown value
R10=0x00007ff979c7b900 jvm.dll
R11={method} {0x000001f295099910} 'newInvokeSpecial' '(Ljava/lang/Object;)Ljava/lang/Object;' in 'java/lang/invoke/DirectMethodHandle$Holder'
R12=0x0 is null
R13=0x000000e6401fdde8 is pointing into the stack for thread: 0x000001f2dd5d2ac0
R14=0x000000e6401fde58 is pointing into the stack for thread: 0x000001f2dd5d2ac0
R15=0x000001f2dd5d2ac0 is a thread

Top of Stack: (sp=0x000000e6401fdde8)
0x000000e6401fdde8:   000001f291218de6 fffffffffffffff7
0x000000e6401fddf8:   000001f2956efa07 0000000000000004
0x000000e6401fde08:   000001f2950950d0 0000000000000000
0x000000e6401fde18:   0000000782decbc8 000001f295099908
0x000000e6401fde28:   fffffffffffffff6 000000e6401fde60
0x000000e6401fde38:   000000e6401feed8 000001f29146884b
0x000000e6401fde48:   0000000744d6de60 0000000744d6df08
0x000000e6401fde58:   0000000744d6dec0 000000e6401feed8
0x000000e6401fde68:   000001f29146b3e4 0000000000000000
0x000000e6401fde78:   0000000000000000 000000e6401feed8
0x000000e6401fde88:   000001f291974c0c 0000000000000000
0x000000e6401fde98:   0000000000000000 0000000000000000
0x000000e6401fdea8:   0000000000000000 0000000000000000
0x000000e6401fdeb8:   0000000000000000 0000000000000000
0x000000e6401fdec8:   0000000000000000 0000000000000000
0x000000e6401fded8:   0000000000000000 0000000782e095e8
0x000000e6401fdee8:   0000000747440a38 0000000744d6dae8
0x000000e6401fdef8:   0000000744d6dae8 0000000744d6def0
0x000000e6401fdf08:   0000000744d6dc78 0000000000000000
0x000000e6401fdf18:   0000000000000c00 000000e6401feed8
0x000000e6401fdf28:   000001f200000000 0000000000000000
0x000000e6401fdf38:   0000000000000000 0000000744d6dec0
0x000000e6401fdf48:   000001f29146ac5c 0000000000000000
0x000000e6401fdf58:   0000000000000000 0000000000000000
0x000000e6401fdf68:   0000000000000000 000001f2dd5d2ac0
0x000000e6401fdf78:   0000000000000000 0000000744d6dc20
0x000000e6401fdf88:   0000000000000000 0000000744d6dae8
0x000000e6401fdf98:   0000000744d6def0 0000000744d6dc20
0x000000e6401fdfa8:   0000000000000000 0000000000000000
0x000000e6401fdfb8:   000001f291467d6c 000000e6401feed8
0x000000e6401fdfc8:   000001f29146764a 0000000000000000
0x000000e6401fdfd8:   000001f2913c3789 000000e6401feed8 

Instructions: (pc=0x000001f291245d2f)
0x000001f291245c2f:   48 c1 e3 03 8b 5b 28 48 c1 e3 03 8b 5b 24 48 c1
0x000001f291245c3f:   e3 03 48 8b 5b 10 48 85 db 0f 84 10 00 00 00 41
0x000001f291245c4f:   80 bf e8 05 00 00 00 74 03 ff 63 38 ff 63 50 e9
0x000001f291245c5f:   9d 16 00 00 66 66 66 0f 1f 84 00 00 00 00 00 66
0x000001f291245c6f:   66 66 90 66 66 0f 1f 84 00 00 00 00 00 66 66 66
0x000001f291245c7f:   90 48 8b 53 08 0f b7 52 2e 48 8b 0c d4 58 5b 50
0x000001f291245c8f:   44 8b 51 08 49 bb 00 00 00 95 f2 01 00 00 4d 03
0x000001f291245c9f:   d3 4c 8b 5b 10 4b 8b 9c da c8 01 00 00 48 85 db
0x000001f291245caf:   0f 84 10 00 00 00 41 80 bf e8 05 00 00 00 74 03
0x000001f291245cbf:   ff 63 38 ff 63 50 e9 36 16 00 00 66 66 66 0f 1f
0x000001f291245ccf:   84 00 00 00 00 00 66 66 66 90 0f 1f 80 00 00 00
0x000001f291245cdf:   00 58 5b 50 8b 5b 24 48 c1 e3 03 48 8b 5b 10 48
0x000001f291245cef:   85 db 0f 84 10 00 00 00 41 80 bf e8 05 00 00 00
0x000001f291245cff:   74 03 ff 63 38 ff 63 50 e9 f4 15 00 00 66 66 66
0x000001f291245d0f:   0f 1f 84 00 00 00 00 00 66 66 66 90 0f 1f 44 00
0x000001f291245d1f:   00 48 8b 53 08 0f b7 52 2e 48 8b 0c d4 58 5b 50
0x000001f291245d2f:   48 3b 01 8b 5b 24 48 c1 e3 03 48 8b 5b 10 48 85
0x000001f291245d3f:   db 0f 84 10 00 00 00 41 80 bf e8 05 00 00 00 74
0x000001f291245d4f:   03 ff 63 38 ff 63 50 e9 a5 15 00 00 0f 1f 44 00
0x000001f291245d5f:   00 48 8b 53 08 0f b7 52 2e 48 8b 0c d4 58 5b 50
0x000001f291245d6f:   44 8b 51 08 49 bb 00 00 00 95 f2 01 00 00 4d 03
0x000001f291245d7f:   d3 8b 43 18 48 c1 e0 03 48 8b 40 10 48 8b 5b 10
0x000001f291245d8f:   45 8b 9a a0 00 00 00 4f 8d 9c da c8 01 00 00 4d
0x000001f291245d9f:   8d 14 da 49 8b 1b 48 3b c3 74 15 48 85 db 0f 84
0x000001f291245daf:   32 00 00 00 49 83 c3 10 49 8b 1b 48 3b c3 75 eb
0x000001f291245dbf:   45 8b 5b 08 4b 8b 1c 1a 48 85 db 0f 84 10 00 00
0x000001f291245dcf:   00 41 80 bf e8 05 00 00 00 74 03 ff 63 38 ff 63
0x000001f291245ddf:   50 e9 1b 15 00 00 e9 16 12 00 00 f4 00 00 00 00
0x000001f291245def:   00 00 00 00 00 00 00 00 00 00 00 00 00 00 00 00
0x000001f291245dff:   00 00 00 00 00 00 00 00 00 00 00 00 00 00 00 00
0x000001f291245e0f:   00 00 00 00 00 00 00 00 00 00 00 00 00 00 00 00
0x000001f291245e1f:   00 00 00 00 00 00 00 00 00 00 00 00 00 00 00 00 


Stack slot to memory mapping:

stack at sp + 0 slots: 0x000001f291218de6 is at code_begin+3174 in an Interpreter codelet
return entry points  [0x000001f291218180, 0x000001f29121a088]  7944 bytes
stack at sp + 1 slots: 0xfffffffffffffff7 is an unknown value
stack at sp + 2 slots: 0x000001f2956efa07 is pointing into metadata
stack at sp + 3 slots: 0x0000000000000004 is an unknown value
stack at sp + 4 slots: 0x000001f2950950d0 is pointing into metadata
stack at sp + 5 slots: 0x0 is null
stack at sp + 6 slots: 0x0000000782decbc8 is an oop: java.lang.Class 
{0x0000000782decbc8} - klass: 'java/lang/Class'
 - ---- fields (total size 14 words):
 - private volatile transient 'classRedefinedCount' 'I' @12  0 (0x00000000)
 - injected 'klass' 'J' @16  2141394128024 (0x000001f295094c98)
 - injected 'array_klass' 'J' @24  0 (0x0000000000000000)
 - injected 'oop_size' 'I' @32  14 (0x0000000e)
 - injected 'static_oop_field_count' 'I' @36  0 (0x00000000)
 - private volatile transient 'cachedConstructor' 'Ljava/lang/reflect/Constructor;' @40  null (0x00000000)
 - private transient 'name' 'Ljava/lang/String;' @44  null (0x00000000)
 - private transient 'module' 'Ljava/lang/Module;' @48  a 'java/lang/Module'{0x0000000782dee4f0} (0xf05bdc9e)
 - private final 'classLoader' 'Ljava/lang/ClassLoader;' @52  null (0x00000000)
 - private transient 'classData' 'Ljava/lang/Object;' @56  null (0x00000000)
 - private transient 'packageName' 'Ljava/lang/String;' @60  null (0x00000000)
 - private final 'componentType' 'Ljava/lang/Class;' @64  null (0x00000000)
 - private volatile transient 'reflectionData' 'Ljava/lang/ref/SoftReference;' @68  null (0x00000000)
 - private volatile transient 'genericInfo' 'Lsun/reflect/generics/repository/ClassRepository;' @72  null (0x00000000)
 - private volatile transient 'enumConstants' '[Ljava/lang/Object;' @76  null (0x00000000)
 - private volatile transient 'enumConstantDirectory' 'Ljava/util/Map;' @80  null (0x00000000)
 - private volatile transient 'annotationData' 'Ljava/lang/Class$AnnotationData;' @84  null (0x00000000)
 - private volatile transient 'annotationType' 'Lsun/reflect/annotation/AnnotationType;' @88  null (0x00000000)
 - transient 'classValueMap' 'Ljava/lang/ClassValue$ClassValueMap;' @92  null (0x00000000)
 - injected 'protection_domain' 'Ljava/lang/Object;' @96  null (0x00000000)
 - injected 'signers_name' 'Ljava/lang/Object;' @100  null (0x00000000)
 - injected 'source_file' 'Ljava/lang/Object;' @104  null (0x00000000)
 - signature: Ljava/lang/invoke/DirectMethodHandle$Holder;
 - ---- static fields (0):
stack at sp + 7 slots: {method} {0x000001f295099910} 'newInvokeSpecial' '(Ljava/lang/Object;)Ljava/lang/Object;' in 'java/lang/invoke/DirectMethodHandle$Holder'

MethodHandle::interpreter_entry::_linkToSpecial [0x000001f291245d0c, 0x000001f291245d5b] (79 bytes)
[MachCode]
  0x000001f291245d0c: 6666 660f | 1f84 0000 | 0000 0066 | 6666 900f | 1f44 0000 | 488b 5308 | 0fb7 522e | 488b 0cd4 
  0x000001f291245d2c: 585b 5048 | 3b01 8b5b | 2448 c1e3 | 0348 8b5b | 1048 85db | 0f84 1000 | 0000 4180 | bfe8 0500 
  0x000001f291245d4c: 0000 7403 | ff63 38ff | 6350 e9a5 | 
[/MachCode]

---------------  P R O C E S S  ---------------

Threads class SMR info:
_java_thread_list=0x000001f2dda71e50, length=29, elements={
0x000001f28778e2a0, 0x000001f287790450, 0x000001f287791460, 0x000001f287792470,
0x000001f287793480, 0x000001f287795340, 0x000001f287796140, 0x000001f294df4860,
0x000001f2da0241f0, 0x000001f2da028bd0, 0x000001f2da02bfc0, 0x000001f2da3fe220,
0x000001f2da968240, 0x000001f2da960ee0, 0x000001f2da9d8ce0, 0x000001f2dad703d0,
0x000001f2daca4cf0, 0x000001f2dae15410, 0x000001f2dd5d5f40, 0x000001f2dd5d1710,
0x000001f2dae11f90, 0x000001f2dd5d72f0, 0x000001f2dd5d6c60, 0x000001f2dd5d3150,
0x000001f2dd5d2ac0, 0x000001f2dd5d1da0, 0x000001f2dd5d7980, 0x000001f2dd5d2430,
0x000001f2dd5d4b90
}

Java Threads: ( => current thread )
  0x000001f28778e2a0 JavaThread "Reference Handler"          daemon [_thread_blocked, id=14372, stack(0x000000e63ea00000,0x000000e63eb00000) (1024K)]
  0x000001f287790450 JavaThread "Finalizer"                  daemon [_thread_blocked, id=16920, stack(0x000000e63eb00000,0x000000e63ec00000) (1024K)]
  0x000001f287791460 JavaThread "Signal Dispatcher"          daemon [_thread_blocked, id=5888, stack(0x000000e63ec00000,0x000000e63ed00000) (1024K)]
  0x000001f287792470 JavaThread "Attach Listener"            daemon [_thread_blocked, id=9688, stack(0x000000e63ed00000,0x000000e63ee00000) (1024K)]
  0x000001f287793480 JavaThread "Service Thread"             daemon [_thread_blocked, id=15064, stack(0x000000e63ee00000,0x000000e63ef00000) (1024K)]
  0x000001f287795340 JavaThread "Monitor Deflation Thread"   daemon [_thread_blocked, id=3584, stack(0x000000e63ef00000,0x000000e63f000000) (1024K)]
  0x000001f287796140 JavaThread "C1 CompilerThread0"         daemon [_thread_blocked, id=14772, stack(0x000000e63f000000,0x000000e63f100000) (1024K)]
  0x000001f294df4860 JavaThread "Common-Cleaner"             daemon [_thread_blocked, id=13860, stack(0x000000e63f100000,0x000000e63f200000) (1024K)]
  0x000001f2da0241f0 JavaThread "JDWP Transport Listener: dt_socket" daemon [_thread_blocked, id=11688, stack(0x000000e63f200000,0x000000e63f300000) (1024K)]
  0x000001f2da028bd0 JavaThread "JDWP Event Helper Thread"   daemon [_thread_blocked, id=13892, stack(0x000000e63f300000,0x000000e63f400000) (1024K)]
  0x000001f2da02bfc0 JavaThread "JDWP Command Reader"        daemon [_thread_in_native, id=15636, stack(0x000000e63f400000,0x000000e63f500000) (1024K)]
  0x000001f2da3fe220 JavaThread "Notification Thread"        daemon [_thread_blocked, id=16836, stack(0x000000e63f500000,0x000000e63f600000) (1024K)]
  0x000001f2da968240 JavaThread "RMI TCP Accept-0"           daemon [_thread_in_native, id=11760, stack(0x000000e63f600000,0x000000e63f700000) (1024K)]
  0x000001f2da960ee0 JavaThread "RMI TCP Accept-55510"       daemon [_thread_in_native, id=7256, stack(0x000000e63f700000,0x000000e63f800000) (1024K)]
  0x000001f2da9d8ce0 JavaThread "RMI TCP Accept-0"           daemon [_thread_in_native, id=13532, stack(0x000000e63f800000,0x000000e63f900000) (1024K)]
  0x000001f2dad703d0 JavaThread "RMI Scheduler(0)"           daemon [_thread_blocked, id=6248, stack(0x000000e63fb00000,0x000000e63fc00000) (1024K)]
  0x000001f2daca4cf0 JavaThread "JMX server connection timeout 24" daemon [_thread_blocked, id=2228, stack(0x000000e63fc00000,0x000000e63fd00000) (1024K)]
  0x000001f2dae15410 JavaThread "PostgreSQL-JDBC-Cleaner"    daemon [_thread_blocked, id=5780, stack(0x000000e640000000,0x000000e640100000) (1024K)]
  0x000001f2dd5d5f40 JavaThread "Live Reload Server"         daemon [_thread_in_native, id=15936, stack(0x000000e640800000,0x000000e640900000) (1024K)]
  0x000001f2dd5d1710 JavaThread "DestroyJavaVM"                     [_thread_blocked, id=6464, stack(0x000000e63e700000,0x000000e63e800000) (1024K)]
  0x000001f2dae11f90 JavaThread "RMI TCP Connection(idle)"   daemon [_thread_blocked, id=15712, stack(0x000000e63e600000,0x000000e63e700000) (1024K)]
  0x000001f2dd5d72f0 JavaThread "RMI TCP Connection(idle)"   daemon [_thread_blocked, id=15364, stack(0x000000e63fa00000,0x000000e63fb00000) (1024K)]
  0x000001f2dd5d6c60 JavaThread "RMI TCP Connection(idle)"   daemon [_thread_blocked, id=16612, stack(0x000000e63fd00000,0x000000e63fe00000) (1024K)]
  0x000001f2dd5d3150 JavaThread "Thread-9"                          [_thread_blocked, id=16148, stack(0x000000e63fe00000,0x000000e63ff00000) (1024K)]
=>0x000001f2dd5d2ac0 JavaThread "restartedMain"                     [_thread_in_Java, id=16240, stack(0x000000e640100000,0x000000e640200000) (1024K)]
  0x000001f2dd5d1da0 JavaThread "HikariPool-4 housekeeper"   daemon [_thread_blocked, id=13612, stack(0x000000e63f900000,0x000000e63fa00000) (1024K)]
  0x000001f2dd5d7980 JavaThread "Catalina-utility-1"                [_thread_blocked, id=15960, stack(0x000000e640500000,0x000000e640600000) (1024K)]
  0x000001f2dd5d2430 JavaThread "Catalina-utility-2"                [_thread_blocked, id=16512, stack(0x000000e640600000,0x000000e640700000) (1024K)]
  0x000001f2dd5d4b90 JavaThread "container-0"                       [_thread_blocked, id=14604, stack(0x000000e640700000,0x000000e640800000) (1024K)]
Total: 29

Other Threads:
  0x000001f287770070 VMThread "VM Thread"                           [id=11404, stack(0x000000e63e900000,0x000000e63ea00000) (1024K)]
  0x000001f28775bcc0 WatcherThread "VM Periodic Task Thread"        [id=16892, stack(0x000000e63e800000,0x000000e63e900000) (1024K)]
Total: 2

Threads with active compile tasks:
Total: 0

VM state: not at safepoint (normal execution)

VM Mutex/Monitor currently owned by a thread: None

Heap address: 0x0000000744200000, size: 3006 MB, Compressed Oops mode: Zero based, Oop shift amount: 3

CDS archive(s) mapped at: [0x000001f295000000-0x000001f295c60000-0x000001f295c60000), size 12976128, SharedBaseAddress: 0x000001f295000000, ArchiveRelocationMode: 1.
Compressed class space mapped at: 0x000001f296000000-0x000001f2d6000000, reserved size: 1073741824
Narrow klass base: 0x000001f295000000, Narrow klass shift: 0, Narrow klass range: 0x41000000

GC Precious Log:
 CardTable entry size: 512
 CPUs: 1 total, 1 available
 Memory: 12022M
 Large Page Support: Disabled
 NUMA Support: Disabled
 Compressed Oops: Enabled (Zero based)
 Heap Min Capacity: 8M
 Heap Initial Capacity: 188M
 Heap Max Capacity: 3006M
 Pre-touch: Disabled

Heap:
 def new generation   total 57856K, used 17883K [0x0000000744200000, 0x00000007480c0000, 0x0000000782c00000)
  eden space 51456K,  27% used [0x0000000744200000, 0x0000000744fb11b8, 0x0000000747440000)
  from space 6400K,  60% used [0x0000000747440000, 0x0000000747805e40, 0x0000000747a80000)
  to   space 6400K,   0% used [0x0000000747a80000, 0x0000000747a80000, 0x00000007480c0000)
 tenured generation   total 128384K, used 31481K [0x0000000782c00000, 0x000000078a960000, 0x0000000800000000)
   the space 128384K,  24% used [0x0000000782c00000, 0x0000000784abe538, 0x000000078a960000)
 Metaspace       used 70833K, committed 71744K, reserved 1114112K
  class space    used 10090K, committed 10496K, reserved 1048576K

Card table byte_map: [0x000001f294270000,0x000001f294850000] _byte_map_base: 0x000001f29084f000

Polling page: 0x000001f287560000

Metaspace:

Usage:
  Non-class:     59.32 MB used.
      Class:      9.85 MB used.
       Both:     69.17 MB used.

Virtual space:
  Non-class space:       64.00 MB reserved,      59.81 MB ( 93%) committed,  1 nodes.
      Class space:        1.00 GB reserved,      10.25 MB (  1%) committed,  1 nodes.
             Both:        1.06 GB reserved,      70.06 MB (  6%) committed. 

Chunk freelists:
   Non-Class:  4.02 MB
       Class:  5.79 MB
        Both:  9.80 MB

MaxMetaspaceSize: unlimited
CompressedClassSpaceSize: 1.00 GB
Initial GC threshold: 21.00 MB
Current GC threshold: 116.56 MB
CDS: on
 - commit_granule_bytes: 65536.
 - commit_granule_words: 8192.
 - virtual_space_node_default_size: 8388608.
 - enlarge_chunks_in_place: 1.
 - use_allocation_guard: 0.


Internal statistics:

num_allocs_failed_limit: 9.
num_arena_births: 1076.
num_arena_deaths: 380.
num_vsnodes_births: 2.
num_vsnodes_deaths: 0.
num_space_committed: 1121.
num_space_uncommitted: 0.
num_chunks_returned_to_freelist: 440.
num_chunks_taken_from_freelist: 3627.
num_chunk_merges: 109.
num_chunk_splits: 2605.
num_chunks_enlarged: 2042.
num_inconsistent_stats: 0.

CodeCache: size=49152Kb used=13477Kb max_used=13477Kb free=35674Kb
 bounds [0x000001f291210000, 0x000001f291f40000, 0x000001f294210000]
 total_blobs=7865 nmethods=7138 adapters=652
 compilation: enabled
              stopped_count=0, restarted_count=0
 full_count=0

Compilation events (20 events):
Event: 416.786 Thread 0x000001f287796140 8386       1       org.postgresql.core.Parser::addReturning (135 bytes)
Event: 416.787 Thread 0x000001f287796140 nmethod 8386 0x000001f291f36010 code [0x000001f291f36240, 0x000001f291f36808]
Event: 416.787 Thread 0x000001f287796140 8387       1       java.text.DigitList::isLongMIN_VALUE (56 bytes)
Event: 416.787 Thread 0x000001f287796140 nmethod 8387 0x000001f291f36c90 code [0x000001f291f36e40, 0x000001f291f37010]
Event: 416.787 Thread 0x000001f287796140 8388       1       java.text.DigitList::getStringBuilder (36 bytes)
Event: 416.787 Thread 0x000001f287796140 nmethod 8388 0x000001f291f37110 code [0x000001f291f372c0, 0x000001f291f37498]
Event: 416.825 Thread 0x000001f287796140 8389       1       org.postgresql.core.PGStream$1::flush (1 bytes)
Event: 416.825 Thread 0x000001f287796140 nmethod 8389 0x000001f291f37590 code [0x000001f291f37720, 0x000001f291f377e8]
Event: 416.852 Thread 0x000001f287796140 8390       1       org.postgresql.core.QueryExecutorBase::createQueryKey (53 bytes)
Event: 416.853 Thread 0x000001f287796140 nmethod 8390 0x000001f291f37890 code [0x000001f291f37a40, 0x000001f291f37dd8]
Event: 416.853 Thread 0x000001f287796140 8391       1       org.postgresql.core.QueryExecutorBase::createQueryByKey (9 bytes)
Event: 416.853 Thread 0x000001f287796140 nmethod 8391 0x000001f291f37f10 code [0x000001f291f380a0, 0x000001f291f381b0]
Event: 416.886 Thread 0x000001f287796140 8392       1       sun.net.util.IPAddressUtil::parseAsciiDigit (63 bytes)
Event: 416.886 Thread 0x000001f287796140 nmethod 8392 0x000001f291f38290 code [0x000001f291f38460, 0x000001f291f38640]
Event: 416.918 Thread 0x000001f287796140 8393       1       java.util.Hashtable$Enumerator::hasMoreElements (53 bytes)
Event: 416.918 Thread 0x000001f287796140 nmethod 8393 0x000001f291f38710 code [0x000001f291f388a0, 0x000001f291f38a00]
Event: 416.918 Thread 0x000001f287796140 8394       1       sun.nio.ch.NioSocketImpl::intValue (43 bytes)
Event: 416.918 Thread 0x000001f287796140 nmethod 8394 0x000001f291f38b10 code [0x000001f291f38d00, 0x000001f291f390b0]
Event: 416.950 Thread 0x000001f287796140 8395       1       jdk.internal.misc.Unsafe::putIntRelease (9 bytes)
Event: 416.950 Thread 0x000001f287796140 nmethod 8395 0x000001f291f39310 code [0x000001f291f394a0, 0x000001f291f39570]

GC Heap History (20 events):
Event: 5.764 GC heap before
{Heap before GC invocations=12 (full 2):
 def new generation   total 57856K, used 53894K [0x0000000744200000, 0x00000007480c0000, 0x0000000782c00000)
  eden space 51456K, 100% used [0x0000000744200000, 0x0000000747440000, 0x0000000747440000)
  from space 6400K,  38% used [0x0000000747440000, 0x00000007476a1bd8, 0x0000000747a80000)
  to   space 6400K,   0% used [0x0000000747a80000, 0x0000000747a80000, 0x00000007480c0000)
 tenured generation   total 128384K, used 19815K [0x0000000782c00000, 0x000000078a960000, 0x0000000800000000)
   the space 128384K,  15% used [0x0000000782c00000, 0x0000000783f59cf8, 0x000000078a960000)
 Metaspace       used 55195K, committed 55872K, reserved 1114112K
  class space    used 7867K, committed 8192K, reserved 1048576K
}
Event: 5.771 GC heap after
{Heap after GC invocations=13 (full 2):
 def new generation   total 57856K, used 3747K [0x0000000744200000, 0x00000007480c0000, 0x0000000782c00000)
  eden space 51456K,   0% used [0x0000000744200000, 0x0000000744200000, 0x0000000747440000)
  from space 6400K,  58% used [0x0000000747a80000, 0x0000000747e28e18, 0x00000007480c0000)
  to   space 6400K,   0% used [0x0000000747440000, 0x0000000747440000, 0x0000000747a80000)
 tenured generation   total 128384K, used 19815K [0x0000000782c00000, 0x000000078a960000, 0x0000000800000000)
   the space 128384K,  15% used [0x0000000782c00000, 0x0000000783f59cf8, 0x000000078a960000)
 Metaspace       used 55195K, committed 55872K, reserved 1114112K
  class space    used 7867K, committed 8192K, reserved 1048576K
}
Event: 6.008 GC heap before
{Heap before GC invocations=13 (full 2):
 def new generation   total 57856K, used 35312K [0x0000000744200000, 0x00000007480c0000, 0x0000000782c00000)
  eden space 51456K,  61% used [0x0000000744200000, 0x00000007460d34c8, 0x0000000747440000)
  from space 6400K,  58% used [0x0000000747a80000, 0x0000000747e28e18, 0x00000007480c0000)
  to   space 6400K,   0% used [0x0000000747440000, 0x0000000747440000, 0x0000000747a80000)
 tenured generation   total 128384K, used 19815K [0x0000000782c00000, 0x000000078a960000, 0x0000000800000000)
   the space 128384K,  15% used [0x0000000782c00000, 0x0000000783f59cf8, 0x000000078a960000)
 Metaspace       used 59084K, committed 59776K, reserved 1114112K
  class space    used 8399K, committed 8704K, reserved 1048576K
}
Event: 6.052 GC heap after
{Heap after GC invocations=14 (full 3):
 def new generation   total 57856K, used 0K [0x0000000744200000, 0x00000007480c0000, 0x0000000782c00000)
  eden space 51456K,   0% used [0x0000000744200000, 0x0000000744200000, 0x0000000747440000)
  from space 6400K,   0% used [0x0000000747a80000, 0x0000000747a80000, 0x00000007480c0000)
  to   space 6400K,   0% used [0x0000000747440000, 0x0000000747440000, 0x0000000747a80000)
 tenured generation   total 128384K, used 24617K [0x0000000782c00000, 0x000000078a960000, 0x0000000800000000)
   the space 128384K,  19% used [0x0000000782c00000, 0x000000078440a650, 0x000000078a960000)
 Metaspace       used 59084K, committed 59776K, reserved 1114112K
  class space    used 8399K, committed 8704K, reserved 1048576K
}
Event: 6.677 GC heap before
{Heap before GC invocations=14 (full 3):
 def new generation   total 57856K, used 51456K [0x0000000744200000, 0x00000007480c0000, 0x0000000782c00000)
  eden space 51456K, 100% used [0x0000000744200000, 0x0000000747440000, 0x0000000747440000)
  from space 6400K,   0% used [0x0000000747a80000, 0x0000000747a80000, 0x00000007480c0000)
  to   space 6400K,   0% used [0x0000000747440000, 0x0000000747440000, 0x0000000747a80000)
 tenured generation   total 128384K, used 24617K [0x0000000782c00000, 0x000000078a960000, 0x0000000800000000)
   the space 128384K,  19% used [0x0000000782c00000, 0x000000078440a650, 0x000000078a960000)
 Metaspace       used 62387K, committed 63104K, reserved 1114112K
  class space    used 8965K, committed 9280K, reserved 1048576K
}
Event: 6.684 GC heap after
{Heap after GC invocations=15 (full 3):
 def new generation   total 57856K, used 3114K [0x0000000744200000, 0x00000007480c0000, 0x0000000782c00000)
  eden space 51456K,   0% used [0x0000000744200000, 0x0000000744200000, 0x0000000747440000)
  from space 6400K,  48% used [0x0000000747440000, 0x000000074774ab50, 0x0000000747a80000)
  to   space 6400K,   0% used [0x0000000747a80000, 0x0000000747a80000, 0x00000007480c0000)
 tenured generation   total 128384K, used 24617K [0x0000000782c00000, 0x000000078a960000, 0x0000000800000000)
   the space 128384K,  19% used [0x0000000782c00000, 0x000000078440a650, 0x000000078a960000)
 Metaspace       used 62387K, committed 63104K, reserved 1114112K
  class space    used 8965K, committed 9280K, reserved 1048576K
}
Event: 13.975 GC heap before
{Heap before GC invocations=15 (full 3):
 def new generation   total 57856K, used 54570K [0x0000000744200000, 0x00000007480c0000, 0x0000000782c00000)
  eden space 51456K, 100% used [0x0000000744200000, 0x0000000747440000, 0x0000000747440000)
  from space 6400K,  48% used [0x0000000747440000, 0x000000074774ab50, 0x0000000747a80000)
  to   space 6400K,   0% used [0x0000000747a80000, 0x0000000747a80000, 0x00000007480c0000)
 tenured generation   total 128384K, used 24617K [0x0000000782c00000, 0x000000078a960000, 0x0000000800000000)
   the space 128384K,  19% used [0x0000000782c00000, 0x000000078440a650, 0x000000078a960000)
 Metaspace       used 66241K, committed 67008K, reserved 1114112K
  class space    used 9541K, committed 9920K, reserved 1048576K
}
Event: 13.986 GC heap after
{Heap after GC invocations=16 (full 3):
 def new generation   total 57856K, used 5296K [0x0000000744200000, 0x00000007480c0000, 0x0000000782c00000)
  eden space 51456K,   0% used [0x0000000744200000, 0x0000000744200000, 0x0000000747440000)
  from space 6400K,  82% used [0x0000000747a80000, 0x0000000747fac058, 0x00000007480c0000)
  to   space 6400K,   0% used [0x0000000747440000, 0x0000000747440000, 0x0000000747a80000)
 tenured generation   total 128384K, used 24617K [0x0000000782c00000, 0x000000078a960000, 0x0000000800000000)
   the space 128384K,  19% used [0x0000000782c00000, 0x000000078440a650, 0x000000078a960000)
 Metaspace       used 66241K, committed 67008K, reserved 1114112K
  class space    used 9541K, committed 9920K, reserved 1048576K
}
Event: 138.790 GC heap before
{Heap before GC invocations=16 (full 3):
 def new generation   total 57856K, used 52640K [0x0000000744200000, 0x00000007480c0000, 0x0000000782c00000)
  eden space 51456K,  92% used [0x0000000744200000, 0x000000074703c008, 0x0000000747440000)
  from space 6400K,  82% used [0x0000000747a80000, 0x0000000747fac058, 0x00000007480c0000)
  to   space 6400K,   0% used [0x0000000747440000, 0x0000000747440000, 0x0000000747a80000)
 tenured generation   total 128384K, used 24617K [0x0000000782c00000, 0x000000078a960000, 0x0000000800000000)
   the space 128384K,  19% used [0x0000000782c00000, 0x000000078440a650, 0x000000078a960000)
 Metaspace       used 70097K, committed 70912K, reserved 1114112K
  class space    used 10086K, committed 10432K, reserved 1048576K
}
Event: 138.857 GC heap after
{Heap after GC invocations=17 (full 4):
 def new generation   total 57856K, used 0K [0x0000000744200000, 0x00000007480c0000, 0x0000000782c00000)
  eden space 51456K,   0% used [0x0000000744200000, 0x0000000744200000, 0x0000000747440000)
  from space 6400K,   0% used [0x0000000747a80000, 0x0000000747a80000, 0x00000007480c0000)
  to   space 6400K,   0% used [0x0000000747440000, 0x0000000747440000, 0x0000000747a80000)
 tenured generation   total 128384K, used 25959K [0x0000000782c00000, 0x000000078a960000, 0x0000000800000000)
   the space 128384K,  20% used [0x0000000782c00000, 0x0000000784559e38, 0x000000078a960000)
 Metaspace       used 70097K, committed 70912K, reserved 1114112K
  class space    used 10086K, committed 10432K, reserved 1048576K
}
Event: 139.979 GC heap before
{Heap before GC invocations=17 (full 4):
 def new generation   total 57856K, used 51456K [0x0000000744200000, 0x00000007480c0000, 0x0000000782c00000)
  eden space 51456K, 100% used [0x0000000744200000, 0x0000000747440000, 0x0000000747440000)
  from space 6400K,   0% used [0x0000000747a80000, 0x0000000747a80000, 0x00000007480c0000)
  to   space 6400K,   0% used [0x0000000747440000, 0x0000000747440000, 0x0000000747a80000)
 tenured generation   total 128384K, used 25959K [0x0000000782c00000, 0x000000078a960000, 0x0000000800000000)
   the space 128384K,  20% used [0x0000000782c00000, 0x0000000784559e38, 0x000000078a960000)
 Metaspace       used 70230K, committed 70976K, reserved 1114112K
  class space    used 10104K, committed 10432K, reserved 1048576K
}
Event: 139.988 GC heap after
{Heap after GC invocations=18 (full 4):
 def new generation   total 57856K, used 3676K [0x0000000744200000, 0x00000007480c0000, 0x0000000782c00000)
  eden space 51456K,   0% used [0x0000000744200000, 0x0000000744200000, 0x0000000747440000)
  from space 6400K,  57% used [0x0000000747440000, 0x00000007477d7290, 0x0000000747a80000)
  to   space 6400K,   0% used [0x0000000747a80000, 0x0000000747a80000, 0x00000007480c0000)
 tenured generation   total 128384K, used 25959K [0x0000000782c00000, 0x000000078a960000, 0x0000000800000000)
   the space 128384K,  20% used [0x0000000782c00000, 0x0000000784559e38, 0x000000078a960000)
 Metaspace       used 70230K, committed 70976K, reserved 1114112K
  class space    used 10104K, committed 10432K, reserved 1048576K
}
Event: 404.033 GC heap before
{Heap before GC invocations=18 (full 4):
 def new generation   total 57856K, used 42022K [0x0000000744200000, 0x00000007480c0000, 0x0000000782c00000)
  eden space 51456K,  74% used [0x0000000744200000, 0x0000000746772920, 0x0000000747440000)
  from space 6400K,  57% used [0x0000000747440000, 0x00000007477d7290, 0x0000000747a80000)
  to   space 6400K,   0% used [0x0000000747a80000, 0x0000000747a80000, 0x00000007480c0000)
 tenured generation   total 128384K, used 25959K [0x0000000782c00000, 0x000000078a960000, 0x0000000800000000)
   the space 128384K,  20% used [0x0000000782c00000, 0x0000000784559e38, 0x000000078a960000)
 Metaspace       used 70475K, committed 71296K, reserved 1114112K
  class space    used 10122K, committed 10496K, reserved 1048576K
}
Event: 404.094 GC heap after
{Heap after GC invocations=19 (full 5):
 def new generation   total 57856K, used 0K [0x0000000744200000, 0x00000007480c0000, 0x0000000782c00000)
  eden space 51456K,   0% used [0x0000000744200000, 0x0000000744200000, 0x0000000747440000)
  from space 6400K,   0% used [0x0000000747440000, 0x0000000747440000, 0x0000000747a80000)
  to   space 6400K,   0% used [0x0000000747a80000, 0x0000000747a80000, 0x00000007480c0000)
 tenured generation   total 128384K, used 28715K [0x0000000782c00000, 0x000000078a960000, 0x0000000800000000)
   the space 128384K,  22% used [0x0000000782c00000, 0x000000078480adc8, 0x000000078a960000)
 Metaspace       used 70457K, committed 71296K, reserved 1114112K
  class space    used 10120K, committed 10496K, reserved 1048576K
}
Event: 405.170 GC heap before
{Heap before GC invocations=19 (full 5):
 def new generation   total 57856K, used 51456K [0x0000000744200000, 0x00000007480c0000, 0x0000000782c00000)
  eden space 51456K, 100% used [0x0000000744200000, 0x0000000747440000, 0x0000000747440000)
  from space 6400K,   0% used [0x0000000747440000, 0x0000000747440000, 0x0000000747a80000)
  to   space 6400K,   0% used [0x0000000747a80000, 0x0000000747a80000, 0x00000007480c0000)
 tenured generation   total 128384K, used 28715K [0x0000000782c00000, 0x000000078a960000, 0x0000000800000000)
   the space 128384K,  22% used [0x0000000782c00000, 0x000000078480adc8, 0x000000078a960000)
 Metaspace       used 70585K, committed 71360K, reserved 1114112K
  class space    used 10137K, committed 10496K, reserved 1048576K
}
Event: 405.178 GC heap after
{Heap after GC invocations=20 (full 5):
 def new generation   total 57856K, used 3675K [0x0000000744200000, 0x00000007480c0000, 0x0000000782c00000)
  eden space 51456K,   0% used [0x0000000744200000, 0x0000000744200000, 0x0000000747440000)
  from space 6400K,  57% used [0x0000000747a80000, 0x0000000747e16e68, 0x00000007480c0000)
  to   space 6400K,   0% used [0x0000000747440000, 0x0000000747440000, 0x0000000747a80000)
 tenured generation   total 128384K, used 28715K [0x0000000782c00000, 0x000000078a960000, 0x0000000800000000)
   the space 128384K,  22% used [0x0000000782c00000, 0x000000078480adc8, 0x000000078a960000)
 Metaspace       used 70585K, committed 71360K, reserved 1114112K
  class space    used 10137K, committed 10496K, reserved 1048576K
}
Event: 412.714 GC heap before
{Heap before GC invocations=20 (full 5):
 def new generation   total 57856K, used 34506K [0x0000000744200000, 0x00000007480c0000, 0x0000000782c00000)
  eden space 51456K,  59% used [0x0000000744200000, 0x000000074601bb78, 0x0000000747440000)
  from space 6400K,  57% used [0x0000000747a80000, 0x0000000747e16e68, 0x00000007480c0000)
  to   space 6400K,   0% used [0x0000000747440000, 0x0000000747440000, 0x0000000747a80000)
 tenured generation   total 128384K, used 28715K [0x0000000782c00000, 0x000000078a960000, 0x0000000800000000)
   the space 128384K,  22% used [0x0000000782c00000, 0x000000078480adc8, 0x000000078a960000)
 Metaspace       used 70825K, committed 71616K, reserved 1114112K
  class space    used 10153K, committed 10496K, reserved 1048576K
}
Event: 412.775 GC heap after
{Heap after GC invocations=21 (full 6):
 def new generation   total 57856K, used 0K [0x0000000744200000, 0x00000007480c0000, 0x0000000782c00000)
  eden space 51456K,   0% used [0x0000000744200000, 0x0000000744200000, 0x0000000747440000)
  from space 6400K,   0% used [0x0000000747a80000, 0x0000000747a80000, 0x00000007480c0000)
  to   space 6400K,   0% used [0x0000000747440000, 0x0000000747440000, 0x0000000747a80000)
 tenured generation   total 128384K, used 31481K [0x0000000782c00000, 0x000000078a960000, 0x0000000800000000)
   the space 128384K,  24% used [0x0000000782c00000, 0x0000000784abe538, 0x000000078a960000)
 Metaspace       used 70470K, committed 71616K, reserved 1114112K
  class space    used 10058K, committed 10496K, reserved 1048576K
}
Event: 415.610 GC heap before
{Heap before GC invocations=21 (full 6):
 def new generation   total 57856K, used 51456K [0x0000000744200000, 0x00000007480c0000, 0x0000000782c00000)
  eden space 51456K, 100% used [0x0000000744200000, 0x0000000747440000, 0x0000000747440000)
  from space 6400K,   0% used [0x0000000747a80000, 0x0000000747a80000, 0x00000007480c0000)
  to   space 6400K,   0% used [0x0000000747440000, 0x0000000747440000, 0x0000000747a80000)
 tenured generation   total 128384K, used 31481K [0x0000000782c00000, 0x000000078a960000, 0x0000000800000000)
   the space 128384K,  24% used [0x0000000782c00000, 0x0000000784abe538, 0x000000078a960000)
 Metaspace       used 70594K, committed 71616K, reserved 1114112K
  class space    used 10074K, committed 10496K, reserved 1048576K
}
Event: 415.618 GC heap after
{Heap after GC invocations=22 (full 6):
 def new generation   total 57856K, used 3863K [0x0000000744200000, 0x00000007480c0000, 0x0000000782c00000)
  eden space 51456K,   0% used [0x0000000744200000, 0x0000000744200000, 0x0000000747440000)
  from space 6400K,  60% used [0x0000000747440000, 0x0000000747805e40, 0x0000000747a80000)
  to   space 6400K,   0% used [0x0000000747a80000, 0x0000000747a80000, 0x00000007480c0000)
 tenured generation   total 128384K, used 31481K [0x0000000782c00000, 0x000000078a960000, 0x0000000800000000)
   the space 128384K,  24% used [0x0000000782c00000, 0x0000000784abe538, 0x000000078a960000)
 Metaspace       used 70594K, committed 71616K, reserved 1114112K
  class space    used 10074K, committed 10496K, reserved 1048576K
}

Dll operation events (12 events):
Event: 0.009 Loaded shared library C:\Program Files\Java\jdk-22\bin\java.dll
Event: 0.241 Loaded shared library C:\Program Files\Java\jdk-22\bin\zip.dll
Event: 0.243 Loaded shared library C:\Program Files\Java\jdk-22\bin\instrument.dll
Event: 0.247 Loaded shared library C:\Program Files\Java\jdk-22\bin\net.dll
Event: 0.248 Loaded shared library C:\Program Files\Java\jdk-22\bin\nio.dll
Event: 0.250 Loaded shared library C:\Program Files\Java\jdk-22\bin\zip.dll
Event: 0.412 Loaded shared library C:\Program Files\Java\jdk-22\bin\jimage.dll
Event: 0.474 Loaded shared library C:\Program Files\Java\jdk-22\bin\management.dll
Event: 0.481 Loaded shared library C:\Program Files\Java\jdk-22\bin\management_ext.dll
Event: 0.722 Loaded shared library C:\Program Files\Java\jdk-22\bin\extnet.dll
Event: 0.753 Loaded shared library C:\Program Files\Java\jdk-22\bin\verify.dll
Event: 3.292 Loaded shared library C:\Program Files\Java\jdk-22\bin\sunmscapi.dll

Deoptimization events (20 events):
Event: 416.082 Thread 0x000001f2dd5d2ac0 DEOPT PACKING pc=0x000001f2917add4c sp=0x000000e6401fbf00
Event: 416.082 Thread 0x000001f2dd5d2ac0 DEOPT UNPACKING pc=0x000001f2912678e2 sp=0x000000e6401fb478 mode 1
Event: 416.547 Thread 0x000001f2dda01bd0 DEOPT PACKING pc=0x000001f291cb0afc sp=0x000000e6403feec0
Event: 416.547 Thread 0x000001f2dda01bd0 DEOPT UNPACKING pc=0x000001f2912678e2 sp=0x000000e6403fe450 mode 1
Event: 416.577 Thread 0x000001f2dda01bd0 DEOPT PACKING pc=0x000001f291e8c76c sp=0x000000e6403ff050
Event: 416.577 Thread 0x000001f2dda01bd0 DEOPT UNPACKING pc=0x000001f2912678e2 sp=0x000000e6403fe5a8 mode 1
Event: 416.577 Thread 0x000001f2dda01bd0 DEOPT PACKING pc=0x000001f291e8bfec sp=0x000000e6403ff180
Event: 416.577 Thread 0x000001f2dda01bd0 DEOPT UNPACKING pc=0x000001f2912678e2 sp=0x000000e6403fe610 mode 1
Event: 416.577 Thread 0x000001f2dda01bd0 DEOPT PACKING pc=0x000001f291e897fc sp=0x000000e6403ff1b0
Event: 416.577 Thread 0x000001f2dda01bd0 DEOPT UNPACKING pc=0x000001f2912678e2 sp=0x000000e6403fe6b0 mode 1
Event: 416.722 Thread 0x000001f2dda02260 DEOPT PACKING pc=0x000001f291e91f14 sp=0x000000e6404fee70
Event: 416.722 Thread 0x000001f2dda02260 DEOPT UNPACKING pc=0x000001f2912678e2 sp=0x000000e6404fe410 mode 1
Event: 416.722 Thread 0x000001f2dda02260 DEOPT PACKING pc=0x000001f291e8c6c4 sp=0x000000e6404fefe0
Event: 416.722 Thread 0x000001f2dda02260 DEOPT UNPACKING pc=0x000001f2912678e2 sp=0x000000e6404fe538 mode 1
Event: 416.722 Thread 0x000001f2dda02260 DEOPT PACKING pc=0x000001f291e8bfec sp=0x000000e6404ff110
Event: 416.722 Thread 0x000001f2dda02260 DEOPT UNPACKING pc=0x000001f2912678e2 sp=0x000000e6404fe5a0 mode 1
Event: 416.722 Thread 0x000001f2dda02260 DEOPT PACKING pc=0x000001f291e897fc sp=0x000000e6404ff140
Event: 416.722 Thread 0x000001f2dda02260 DEOPT UNPACKING pc=0x000001f2912678e2 sp=0x000000e6404fe640 mode 1
Event: 449.857 Thread 0x000001f2dd5d2ac0 DEOPT PACKING pc=0x000001f29146be94 sp=0x000000e6401fddf0
Event: 449.857 Thread 0x000001f2dd5d2ac0 DEOPT UNPACKING pc=0x000001f2912678e2 sp=0x000000e6401fd2a8 mode 0

Classes loaded (20 events):
Event: 20.480 Loading class com/sun/crypto/provider/HmacCore$HmacSHA256
Event: 20.480 Loading class com/sun/crypto/provider/HmacCore
Event: 20.480 Loading class javax/crypto/MacSpi
Event: 20.480 Loading class javax/crypto/MacSpi done
Event: 20.480 Loading class com/sun/crypto/provider/HmacCore done
Event: 20.480 Loading class com/sun/crypto/provider/HmacCore$HmacSHA256 done
Event: 20.484 Loading class java/util/stream/LongStream
Event: 20.484 Loading class java/util/stream/LongStream done
Event: 20.484 Loading class java/util/stream/DoubleStream
Event: 20.484 Loading class java/util/stream/DoubleStream done
Event: 138.607 Loading class java/util/concurrent/locks/AbstractQueuedSynchronizer$SharedNode
Event: 138.607 Loading class java/util/concurrent/locks/AbstractQueuedSynchronizer$SharedNode done
Event: 138.649 Loading class java/util/AbstractMap$2
Event: 138.649 Loading class java/util/AbstractMap$2 done
Event: 138.650 Loading class java/util/AbstractMap$ValueIterator
Event: 138.650 Loading class java/util/AbstractMap$ValueIterator done
Event: 138.858 Loading class java/lang/ref/Finalizer$2
Event: 138.858 Loading class java/lang/ref/Finalizer$2 done
Event: 138.858 Loading class java/lang/ref/Finalizer$1
Event: 138.858 Loading class java/lang/ref/Finalizer$1 done

Classes unloaded (20 events):
Event: 412.736 Thread 0x000001f287770070 Unloading class 0x000001f2960c0800 'java/lang/invoke/LambdaForm$MH+0x000001f2960c0800'
Event: 412.736 Thread 0x000001f287770070 Unloading class 0x000001f2960c0400 'java/lang/invoke/LambdaForm$DMH+0x000001f2960c0400'
Event: 412.736 Thread 0x000001f287770070 Unloading class 0x000001f2960c0000 'java/lang/invoke/LambdaForm$DMH+0x000001f2960c0000'
Event: 412.736 Thread 0x000001f287770070 Unloading class 0x000001f29600b800 'java/lang/invoke/LambdaForm$MH+0x000001f29600b800'
Event: 412.736 Thread 0x000001f287770070 Unloading class 0x000001f29600ac00 'java/lang/invoke/LambdaForm$MH+0x000001f29600ac00'
Event: 412.736 Thread 0x000001f287770070 Unloading class 0x000001f29600a800 'java/lang/invoke/LambdaForm$MH+0x000001f29600a800'
Event: 412.736 Thread 0x000001f287770070 Unloading class 0x000001f29600a400 'java/lang/invoke/LambdaForm$MH+0x000001f29600a400'
Event: 412.736 Thread 0x000001f287770070 Unloading class 0x000001f296009c00 'java/lang/invoke/LambdaForm$MH+0x000001f296009c00'
Event: 412.736 Thread 0x000001f287770070 Unloading class 0x000001f296009000 'java/lang/invoke/LambdaForm$MH+0x000001f296009000'
Event: 412.736 Thread 0x000001f287770070 Unloading class 0x000001f296008000 'java/lang/invoke/LambdaForm$MH+0x000001f296008000'
Event: 412.736 Thread 0x000001f287770070 Unloading class 0x000001f296007c00 'java/lang/invoke/LambdaForm$MH+0x000001f296007c00'
Event: 412.736 Thread 0x000001f287770070 Unloading class 0x000001f296007400 'java/lang/invoke/LambdaForm$MH+0x000001f296007400'
Event: 412.736 Thread 0x000001f287770070 Unloading class 0x000001f296006c00 'java/lang/invoke/LambdaForm$MH+0x000001f296006c00'
Event: 412.736 Thread 0x000001f287770070 Unloading class 0x000001f296006400 'java/lang/invoke/LambdaForm$MH+0x000001f296006400'
Event: 412.736 Thread 0x000001f287770070 Unloading class 0x000001f296005c00 'java/lang/invoke/LambdaForm$MH+0x000001f296005c00'
Event: 412.736 Thread 0x000001f287770070 Unloading class 0x000001f296005400 'java/lang/invoke/LambdaForm$MH+0x000001f296005400'
Event: 412.736 Thread 0x000001f287770070 Unloading class 0x000001f296004000 'java/lang/invoke/LambdaForm$MH+0x000001f296004000'
Event: 412.736 Thread 0x000001f287770070 Unloading class 0x000001f296003c00 'java/lang/invoke/LambdaForm$MH+0x000001f296003c00'
Event: 412.736 Thread 0x000001f287770070 Unloading class 0x000001f296003800 'java/lang/invoke/LambdaForm$MH+0x000001f296003800'
Event: 412.736 Thread 0x000001f287770070 Unloading class 0x000001f296003400 'java/lang/invoke/LambdaForm$MH+0x000001f296003400'

Classes redefined (2 events):
Event: 137.835 Thread 0x000001f287770070 redefined class name=in.scrapeco.security.SecurityConfig, count=1
Event: 449.871 Thread 0x000001f287770070 redefined class name=in.scrapeco.service.TokenBlacklistService, count=1

Internal exceptions (20 events):
Event: 404.745 Thread 0x000001f2dda01540 Exception <a 'java/lang/NoClassDefFoundError'{0x0000000745ec9e20}: org/jooq/DSLContext> (0x0000000745ec9e20) 
thrown [s\open\src\hotspot\share\oops\constantPool.cpp, line 872]
Event: 404.747 Thread 0x000001f2dda01540 Exception <a 'java/lang/NoClassDefFoundError'{0x0000000745ed7608}: org/springframework/batch/core/repository/JobRepository> (0x0000000745ed7608) 
thrown [s\open\src\hotspot\share\oops\constantPool.cpp, line 872]
Event: 404.747 Thread 0x000001f2dda01540 Exception <a 'java/lang/NoClassDefFoundError'{0x0000000745ed7c60}: org/quartz/Scheduler> (0x0000000745ed7c60) 
thrown [s\open\src\hotspot\share\oops\constantPool.cpp, line 872]
Event: 404.748 Thread 0x000001f2dda01540 Exception <a 'java/lang/NoClassDefFoundError'{0x0000000745ed82e0}: org/springframework/session/jdbc/JdbcIndexedSessionRepository> (0x0000000745ed82e0) 
thrown [s\open\src\hotspot\share\oops\constantPool.cpp, line 872]
Event: 404.795 Thread 0x000001f2dda01540 Exception <a 'java/io/FileNotFoundException'{0x00000007465c6e30}> (0x00000007465c6e30) 
thrown [s\open\src\hotspot\share\prims\jni.cpp, line 520]
Event: 405.243 Thread 0x000001f2dda01540 Exception <a 'java/io/FileNotFoundException'{0x000000074472e4c8}> (0x000000074472e4c8) 
thrown [s\open\src\hotspot\share\prims\jni.cpp, line 520]
Event: 405.565 Thread 0x000001f2dda01540 Exception <a 'java/io/FileNotFoundException'{0x0000000744cdc068}> (0x0000000744cdc068) 
thrown [s\open\src\hotspot\share\prims\jni.cpp, line 520]
Event: 405.565 Thread 0x000001f2dda01540 Exception <a 'java/io/FileNotFoundException'{0x0000000744ce6160}> (0x0000000744ce6160) 
thrown [s\open\src\hotspot\share\prims\jni.cpp, line 520]
Event: 412.712 Thread 0x000001f2dd9fc680 Exception <a 'java/lang/InterruptedException'{0x0000000745ffb918}: sleep interrupted> (0x0000000745ffb918) 
thrown [s\open\src\hotspot\share\prims\jvm.cpp, line 3093]
Event: 412.897 Thread 0x000001f2dd5d2ac0 Exception <a 'sun/nio/fs/WindowsException'{0x000000074427d208}> (0x000000074427d208) 
thrown [s\open\src\hotspot\share\prims\jni.cpp, line 520]
Event: 413.558 Thread 0x000001f2dd5d2ac0 Exception <a 'java/lang/NoClassDefFoundError'{0x0000000745e62c50}: org/flywaydb/core/Flyway> (0x0000000745e62c50) 
thrown [s\open\src\hotspot\share\oops\constantPool.cpp, line 872]
Event: 414.967 Thread 0x000001f2dd5d2ac0 Exception <a 'java/lang/NoClassDefFoundError'{0x0000000745e632b0}: liquibase/integration/spring/SpringLiquibase> (0x0000000745e632b0) 
thrown [s\open\src\hotspot\share\oops\constantPool.cpp, line 872]
Event: 414.972 Thread 0x000001f2dd5d2ac0 Exception <a 'java/lang/NoClassDefFoundError'{0x0000000745ece7a8}: org/jooq/DSLContext> (0x0000000745ece7a8) 
thrown [s\open\src\hotspot\share\oops\constantPool.cpp, line 872]
Event: 414.972 Thread 0x000001f2dd5d2ac0 Exception <a 'java/lang/NoClassDefFoundError'{0x0000000745edbfe0}: org/springframework/batch/core/repository/JobRepository> (0x0000000745edbfe0) 
thrown [s\open\src\hotspot\share\oops\constantPool.cpp, line 872]
Event: 414.972 Thread 0x000001f2dd5d2ac0 Exception <a 'java/lang/NoClassDefFoundError'{0x0000000745edc638}: org/quartz/Scheduler> (0x0000000745edc638) 
thrown [s\open\src\hotspot\share\oops\constantPool.cpp, line 872]
Event: 414.973 Thread 0x000001f2dd5d2ac0 Exception <a 'java/lang/NoClassDefFoundError'{0x0000000745edccb8}: org/springframework/session/jdbc/JdbcIndexedSessionRepository> (0x0000000745edccb8) 
thrown [s\open\src\hotspot\share\oops\constantPool.cpp, line 872]
Event: 415.053 Thread 0x000001f2dd5d2ac0 Exception <a 'java/io/FileNotFoundException'{0x00000007465e7060}> (0x00000007465e7060) 
thrown [s\open\src\hotspot\share\prims\jni.cpp, line 520]
Event: 415.687 Thread 0x000001f2dd5d2ac0 Exception <a 'java/io/FileNotFoundException'{0x000000074473a4e8}> (0x000000074473a4e8) 
thrown [s\open\src\hotspot\share\prims\jni.cpp, line 520]
Event: 416.080 Thread 0x000001f2dd5d2ac0 Exception <a 'java/io/FileNotFoundException'{0x0000000744cfd9c8}> (0x0000000744cfd9c8) 
thrown [s\open\src\hotspot\share\prims\jni.cpp, line 520]
Event: 416.081 Thread 0x000001f2dd5d2ac0 Exception <a 'java/io/FileNotFoundException'{0x0000000744d07ac0}> (0x0000000744d07ac0) 
thrown [s\open\src\hotspot\share\prims\jni.cpp, line 520]

ZGC Phase Switch (0 events):
No events

VM Operations (20 events):
Event: 416.571 Executing VM operation: get/set locals
Event: 416.572 Executing VM operation: get/set locals done
Event: 416.573 Executing VM operation: get/set locals
Event: 416.574 Executing VM operation: get/set locals done
Event: 420.835 Executing VM operation: HandshakeAllThreads (HandshakeForDeflation)
Event: 420.835 Executing VM operation: HandshakeAllThreads (HandshakeForDeflation) done
Event: 420.835 Executing VM operation: RendezvousGCThreads
Event: 420.835 Executing VM operation: RendezvousGCThreads done
Event: 449.856 Executing VM operation: ChangeSingleStep
Event: 449.856 Executing VM operation: ChangeSingleStep done
Event: 449.857 Executing VM operation: ChangeSingleStep
Event: 449.857 Executing VM operation: ChangeSingleStep done
Event: 449.866 Executing VM operation: RedefineClasses
Event: 449.883 Executing VM operation: RedefineClasses done
Event: 449.884 Executing VM operation: ChangeSingleStep
Event: 449.884 Executing VM operation: ChangeSingleStep done
Event: 449.906 Executing VM operation: GetObjectMonitorUsage
Event: 449.906 Executing VM operation: GetObjectMonitorUsage done
Event: 449.906 Executing VM operation: GetObjectMonitorUsage
Event: 449.906 Executing VM operation: GetObjectMonitorUsage done

Events (20 events):
Event: 412.743 Thread 0x000001f287770070 flushing nmethod 0x000001f291b38210
Event: 412.743 Thread 0x000001f287770070 flushing nmethod 0x000001f291b39490
Event: 412.743 Thread 0x000001f287770070 flushing nmethod 0x000001f291b3ad10
Event: 412.743 Thread 0x000001f287770070 flushing nmethod 0x000001f291b41090
Event: 412.743 Thread 0x000001f287770070 flushing nmethod 0x000001f291b41790
Event: 412.743 Thread 0x000001f287770070 flushing nmethod 0x000001f291b41b10
Event: 412.743 Thread 0x000001f287770070 flushing nmethod 0x000001f291b43c10
Event: 412.743 Thread 0x000001f287770070 flushing nmethod 0x000001f291b44190
Event: 412.743 Thread 0x000001f287770070 flushing nmethod 0x000001f291b54310
Event: 412.777 Thread 0x000001f2dd5d58b0 Thread added: 0x000001f2dd5d58b0
Event: 412.835 Thread 0x000001f2dd5d2ac0 Thread added: 0x000001f2dd5d2ac0
Event: 412.835 Thread 0x000001f2dd5d58b0 Thread exited: 0x000001f2dd5d58b0
Event: 415.390 Thread 0x000001f2dd5d1da0 Thread added: 0x000001f2dd5d1da0
Event: 415.601 Thread 0x000001f2dd5d65d0 Thread added: 0x000001f2dd5d65d0
Event: 415.688 Thread 0x000001f2dd5d7980 Thread added: 0x000001f2dd5d7980
Event: 415.688 Thread 0x000001f2dd5d2430 Thread added: 0x000001f2dd5d2430
Event: 415.688 Thread 0x000001f2dd5d4b90 Thread added: 0x000001f2dd5d4b90
Event: 416.577 Thread 0x000001f2dda01bd0 Thread exited: 0x000001f2dda01bd0
Event: 416.723 Thread 0x000001f2dda02260 Thread exited: 0x000001f2dda02260
Event: 421.990 Thread 0x000001f2dd5d65d0 Thread exited: 0x000001f2dd5d65d0


Dynamic libraries:
0x00007ff7d05f0000 - 0x00007ff7d0600000 	C:\Program Files\Java\jdk-22\bin\javaw.exe
0x00007ff9dbf70000 - 0x00007ff9dc187000 	C:\WINDOWS\SYSTEM32\ntdll.dll
0x00007ff9dadf0000 - 0x00007ff9daeb4000 	C:\WINDOWS\System32\KERNEL32.DLL
0x00007ff9d9840000 - 0x00007ff9d9bf7000 	C:\WINDOWS\System32\KERNELBASE.dll
0x00007ff9d93a0000 - 0x00007ff9d94b1000 	C:\WINDOWS\System32\ucrtbase.dll
0x00007ff9c23b0000 - 0x00007ff9c23c7000 	C:\Program Files\Java\jdk-22\bin\jli.dll
0x00007ff9db460000 - 0x00007ff9db512000 	C:\WINDOWS\System32\ADVAPI32.dll
0x00007ff9da5a0000 - 0x00007ff9da647000 	C:\WINDOWS\System32\msvcrt.dll
0x00007ff9db5b0000 - 0x00007ff9db658000 	C:\WINDOWS\System32\sechost.dll
0x00007ff9d9810000 - 0x00007ff9d9838000 	C:\WINDOWS\System32\bcrypt.dll
0x00007ff9d9ca0000 - 0x00007ff9d9db4000 	C:\WINDOWS\System32\RPCRT4.dll
0x00007ff9daec0000 - 0x00007ff9db06f000 	C:\WINDOWS\System32\USER32.dll
0x00007ff9d9c00000 - 0x00007ff9d9c26000 	C:\WINDOWS\System32\win32u.dll
0x00007ff9d9f10000 - 0x00007ff9d9f39000 	C:\WINDOWS\System32\GDI32.dll
0x00007ff9d9280000 - 0x00007ff9d9398000 	C:\WINDOWS\System32\gdi32full.dll
0x00007ff9d9770000 - 0x00007ff9d980a000 	C:\WINDOWS\System32\msvcp_win.dll
0x00007ff9bdae0000 - 0x00007ff9bdafb000 	C:\Program Files\Java\jdk-22\bin\VCRUNTIME140.dll
0x00007ff9bdf60000 - 0x00007ff9be1f3000 	C:\WINDOWS\WinSxS\amd64_microsoft.windows.common-controls_6595b64144ccf1df_6.0.22621.3672_none_2713b9d173822955\COMCTL32.dll
0x00007ff9d03d0000 - 0x00007ff9d03da000 	C:\WINDOWS\SYSTEM32\VERSION.dll
0x00007ff9db420000 - 0x00007ff9db451000 	C:\WINDOWS\System32\IMM32.DLL
0x00007ff9cdf70000 - 0x00007ff9cdf7c000 	C:\Program Files\Java\jdk-22\bin\vcruntime140_1.dll
0x00007ff9bda50000 - 0x00007ff9bdade000 	C:\Program Files\Java\jdk-22\bin\msvcp140.dll
0x00007ff979000000 - 0x00007ff979d47000 	C:\Program Files\Java\jdk-22\bin\server\jvm.dll
0x00007ff9db2c0000 - 0x00007ff9db331000 	C:\WINDOWS\System32\WS2_32.dll
0x00007ff9d9160000 - 0x00007ff9d91ad000 	C:\WINDOWS\SYSTEM32\POWRPROF.dll
0x00007ff9d09f0000 - 0x00007ff9d0a24000 	C:\WINDOWS\SYSTEM32\WINMM.dll
0x00007ff9d9130000 - 0x00007ff9d9143000 	C:\WINDOWS\SYSTEM32\UMPDC.dll
0x00007ff9d8230000 - 0x00007ff9d8248000 	C:\WINDOWS\SYSTEM32\kernel.appcore.dll
0x00007ff9caa40000 - 0x00007ff9caa4a000 	C:\Program Files\Java\jdk-22\bin\jimage.dll
0x00007ff9d6d90000 - 0x00007ff9d6fc2000 	C:\WINDOWS\SYSTEM32\DBGHELP.DLL
0x00007ff9da660000 - 0x00007ff9da9ee000 	C:\WINDOWS\System32\combase.dll
0x00007ff9db340000 - 0x00007ff9db417000 	C:\WINDOWS\System32\OLEAUT32.dll
0x00007ff9cd980000 - 0x00007ff9cd9b2000 	C:\WINDOWS\SYSTEM32\dbgcore.DLL
0x00007ff9d94c0000 - 0x00007ff9d953b000 	C:\WINDOWS\System32\bcryptPrimitives.dll
0x00007ff9bda10000 - 0x00007ff9bda4c000 	C:\Program Files\Java\jdk-22\bin\jdwp.dll
0x00007ff9ca1c0000 - 0x00007ff9ca1cf000 	C:\Program Files\Java\jdk-22\bin\instrument.dll
0x00007ff9bd9f0000 - 0x00007ff9bda0e000 	C:\Program Files\Java\jdk-22\bin\java.dll
0x00007ff9db660000 - 0x00007ff9dbec9000 	C:\WINDOWS\System32\SHELL32.dll
0x00007ff9daa50000 - 0x00007ff9dabf5000 	C:\WINDOWS\System32\ole32.dll
0x00007ff9d71f0000 - 0x00007ff9d7aef000 	C:\WINDOWS\SYSTEM32\windows.storage.dll
0x00007ff9d70b0000 - 0x00007ff9d71ef000 	C:\WINDOWS\SYSTEM32\wintypes.dll
0x00007ff9d9e10000 - 0x00007ff9d9f09000 	C:\WINDOWS\System32\SHCORE.dll
0x00007ff9da540000 - 0x00007ff9da59e000 	C:\WINDOWS\System32\shlwapi.dll
0x00007ff9d91b0000 - 0x00007ff9d91d7000 	C:\WINDOWS\SYSTEM32\profapi.dll
0x00007ff9c2400000 - 0x00007ff9c240c000 	C:\Program Files\Java\jdk-22\bin\dt_socket.dll
0x00007ff9d7de0000 - 0x00007ff9d7e0d000 	C:\WINDOWS\SYSTEM32\IPHLPAPI.DLL
0x00007ff9d8740000 - 0x00007ff9d87a9000 	C:\WINDOWS\system32\mswsock.dll
0x00007ff9d7e10000 - 0x00007ff9d7f12000 	C:\WINDOWS\SYSTEM32\DNSAPI.dll
0x00007ff9dac00000 - 0x00007ff9dac09000 	C:\WINDOWS\System32\NSI.dll
0x00007ff9cf690000 - 0x00007ff9cf69a000 	C:\Windows\System32\rasadhlp.dll
0x00007ff9d0120000 - 0x00007ff9d01a3000 	C:\WINDOWS\System32\fwpuclnt.dll
0x00007ff9bd9d0000 - 0x00007ff9bd9e7000 	C:\Program Files\Java\jdk-22\bin\zip.dll
0x00007ff9c23a0000 - 0x00007ff9c23b0000 	C:\Program Files\Java\jdk-22\bin\net.dll
0x00007ff9bd9b0000 - 0x00007ff9bd9c6000 	C:\Program Files\Java\jdk-22\bin\nio.dll
0x00007ff9c22a0000 - 0x00007ff9c22aa000 	C:\Program Files\Java\jdk-22\bin\management.dll
0x00007ff9c1ee0000 - 0x00007ff9c1eeb000 	C:\Program Files\Java\jdk-22\bin\management_ext.dll
0x00007ff9da650000 - 0x00007ff9da658000 	C:\WINDOWS\System32\PSAPI.DLL
0x00007ff9bc560000 - 0x00007ff9bc577000 	C:\WINDOWS\system32\napinsp.dll
0x00007ff9bc500000 - 0x00007ff9bc51b000 	C:\WINDOWS\system32\pnrpnsp.dll
0x00007ff9bc4e0000 - 0x00007ff9bc4f1000 	C:\WINDOWS\System32\winrnr.dll
0x00007ff9bc4b0000 - 0x00007ff9bc4d7000 	C:\WINDOWS\system32\nlansp_c.dll
0x00007ff9b8e50000 - 0x00007ff9b8e65000 	C:\WINDOWS\system32\wshbth.dll
0x00007ff9d8990000 - 0x00007ff9d89ab000 	C:\WINDOWS\SYSTEM32\CRYPTSP.dll
0x00007ff9d8250000 - 0x00007ff9d8285000 	C:\WINDOWS\system32\rsaenh.dll
0x00007ff9d8830000 - 0x00007ff9d8858000 	C:\WINDOWS\SYSTEM32\USERENV.dll
0x00007ff9d89b0000 - 0x00007ff9d89bc000 	C:\WINDOWS\SYSTEM32\CRYPTBASE.dll
0x00007ff9bd9a0000 - 0x00007ff9bd9a9000 	C:\Program Files\Java\jdk-22\bin\extnet.dll
0x00007ff9bd990000 - 0x00007ff9bd9a0000 	C:\Program Files\Java\jdk-22\bin\verify.dll
0x00007ff9bd980000 - 0x00007ff9bd98e000 	C:\Program Files\Java\jdk-22\bin\sunmscapi.dll
0x00007ff9d9540000 - 0x00007ff9d96a6000 	C:\WINDOWS\System32\CRYPT32.dll
0x00007ff9d8b50000 - 0x00007ff9d8b7d000 	C:\WINDOWS\SYSTEM32\ncrypt.dll
0x00007ff9d8b10000 - 0x00007ff9d8b47000 	C:\WINDOWS\SYSTEM32\NTASN1.dll
0x00007ff9b5cf0000 - 0x00007ff9b5cf8000 	C:\WINDOWS\system32\wshunix.dll

dbghelp: loaded successfully - version: 4.0.5 - missing functions: none
symbol engine: initialized successfully - sym options: 0x614 - pdb path: .;C:\Program Files\Java\jdk-22\bin;C:\WINDOWS\SYSTEM32;C:\WINDOWS\WinSxS\amd64_microsoft.windows.common-controls_6595b64144ccf1df_6.0.22621.3672_none_2713b9d173822955;C:\Program Files\Java\jdk-22\bin\server

VM Arguments:
jvm_args: -XX:+ShowCodeDetailsInExceptionMessages -agentlib:jdwp=transport=dt_socket,suspend=y,address=localhost:55511 -Dcom.sun.management.jmxremote -Dcom.sun.management.jmxremote.port=55510 -Dcom.sun.management.jmxremote.authenticate=false -Dcom.sun.management.jmxremote.ssl=false -Djava.rmi.server.hostname=localhost -Dspring.jmx.enabled=true -Dmanagement.endpoints.jmx.exposure.include=* -Dspring.application.admin.enabled=true -XX:TieredStopAtLevel=1 -Dspring.boot.project.name=Spring-security-scrapeco -javaagent:E:\Application\sts-4.24.0.RELEASE\configuration\org.eclipse.osgi\270\0\.cp\lib\javaagent-shaded.jar -Dfile.encoding=UTF-8 -Dstdout.encoding=UTF-8 -Dstderr.encoding=UTF-8 
java_command: in.scrapeco.SpringSecurityScrapecoApplication --spring.output.ansi.enabled=always
java_class_path (initial): D:\Company\Scrapeco\Spring-security-scrapeco\target\classes;C:\Users\Admin\.m2\repository\org\springframework\boot\spring-boot-starter-data-jpa\3.3.4\spring-boot-starter-data-jpa-3.3.4.jar;C:\Users\Admin\.m2\repository\org\springframework\boot\spring-boot-starter-aop\3.3.4\spring-boot-starter-aop-3.3.4.jar;C:\Users\Admin\.m2\repository\org\aspectj\aspectjweaver\1.9.22.1\aspectjweaver-1.9.22.1.jar;C:\Users\Admin\.m2\repository\org\springframework\boot\spring-boot-starter-jdbc\3.3.4\spring-boot-starter-jdbc-3.3.4.jar;C:\Users\Admin\.m2\repository\com\zaxxer\HikariCP\5.1.0\HikariCP-5.1.0.jar;C:\Users\Admin\.m2\repository\org\springframework\spring-jdbc\6.1.13\spring-jdbc-6.1.13.jar;C:\Users\Admin\.m2\repository\org\hibernate\orm\hibernate-core\6.5.3.Final\hibernate-core-6.5.3.Final.jar;C:\Users\Admin\.m2\repository\jakarta\persistence\jakarta.persistence-api\3.1.0\jakarta.persistence-api-3.1.0.jar;C:\Users\Admin\.m2\repository\jakarta\transaction\jakarta.transaction-api\2.0.1\jakarta.transaction-api-2.0.1.jar;C:\Users\Admin\.m2\repository\org\jboss\logging\jboss-logging\3.5.3.Final\jboss-logging-3.5.3.Final.jar;C:\Users\Admin\.m2\repository\org\hibernate\common\hibernate-commons-annotations\6.0.6.Final\hibernate-commons-annotations-6.0.6.Final.jar;C:\Users\Admin\.m2\repository\io\smallrye\jandex\3.1.2\jandex-3.1.2.jar;C:\Users\Admin\.m2\repository\com\fasterxml\classmate\1.7.0\classmate-1.7.0.jar;C:\Users\Admin\.m2\repository\net\bytebuddy\byte-buddy\1.14.19\byte-buddy-1.14.19.jar;C:\Users\Admin\.m2\repository\jakarta\inject\jakarta.inject-api\2.0.1\jakarta.inject-api-2.0.1.jar;C:\Users\Admin\.m2\repository\org\antlr\antlr4-runtime\4.13.0\antlr4-runtime-4.13.0.jar;C:\Users\Admin\.m2\repository\org\springframework\data\spring-data-jpa\3.3.4\spring-data-jpa-3.3.4.jar;C:\Users\Admin\.m2\repository\org\springframework\data\spring-data-commons\3.3.4\spring-data-commons-3.3.4.jar;C:\Users\Admin\.m2\repository\org\springframework\spring-orm\6.1.13\spring-orm-6.1.13.jar;C:\Users\Admin\.m2\repository\org\springframework\spring-context\6.1.13\spring-context-6.1.13.jar;C:\Users\Admin\.m2\repository\org\springframework\spring-tx\6.1.13\spring-tx-6.1.13.jar;C:\Users\Admin\.m2\repository\org\springframework\spring-beans\6.1.13\spring-beans-6.1.13.jar;C:\Users\Admin\.m2\repository\jakarta\annotation\jakarta.annotation-api\2.1.1\jakarta.annotation-api-2.1.1.jar;C:\Users\Admin\.m2\repository\org\slf4j\slf4j-api\2.0.16\slf4j-api-2.0.16.jar;C:\Users\Admin\.m2\repository\org\springframework\spring-aspects\6.1.13\spring-aspects-6.1.13.jar;C:\Users\Admin\.m2\repository\org\springframework\boot\spring-boot-starter-mail\3.3.4\spring-boot-starter-mail-3.3.4.jar;C:\Users\Admin\.m2\repository\org\springframework\boot\spring-boot-starter\3.3.4\spring-boot-starter-3.3.4.jar;C:\Users\Admin\.m2\repository\org\springframework\boot\spring-boot-starter-logging\3.3.4\spring-boot-starter-logging-3.3.4.jar;C:\Users\Admin\.m2\repository\ch\qos\logback\logback-classic\1.5.8\logback-classic-1.5.8.jar;C:\Users\Admin\.m2\repository\ch\qos\logback\logback-core\1.5.8\logback-core-1.5.8.jar;C:\Users\Admin\.m2\repository\org\apache\logging\log4j\log4j-to-slf4j\2.23.1\log4j-to-slf4j-2.23.1.jar;C:\Users\Admin\.m2\repository\org\apache\logging\log4j\log4j-api\2.23.1\log4j-api-2.23.1.jar;C:\Users\Admin\.m2\repository\org\slf4j\jul-to-slf4j\2.0.16\jul-to-slf4j-2.0.16.jar;C:\Users\Admin\.m2\repository\org\yaml\snakeyaml\2.2\snakeyaml-2.2.jar;C:\Users\Admin\.m2\repository\org\springframework\spring-context-support\6.1.13\spring-context-support-6.1.13.jar;C:\Users\Admin\.m2\repository\org\eclipse\angus\jakarta.mail\2.0.3\jakarta.mail-2.0.3.jar;C:\Users\Admin\.m2\repository\jakarta\activation\jakarta.activation-api\2.1.3\jakarta.activation-api-2.1.3.jar;C:\Users\Admin\.m2\repository\org\eclipse\angus\angus-activation\2.0.2\angus-activation-2.0.2.jar;C:\Users\Admin\.m2\repository\org\springframework\boot\spring-boot-starter-security\3.3.4\spring-boot-starter-security-3.3.4.jar;C:\Users\Admin\.m2\repository\org\springframework\spring-aop\6.1.13\spring-aop-6.1.13.jar;C:\Users\Admin\.m2\repository\org\springframework\security\spring-security-config\6.3.3\spring-security-config-6.3.3.jar;C:\Users\Admin\.m2\repository\org\springframework\security\spring-security-web\6.3.3\spring-security-web-6.3.3.jar;C:\Users\Admin\.m2\repository\org\springframework\spring-expression\6.1.13\spring-expression-6.1.13.jar;C:\Users\Admin\.m2\repository\org\springframework\boot\spring-boot-starter-web\3.3.4\spring-boot-starter-web-3.3.4.jar;C:\Users\Admin\.m2\repository\org\springframework\boot\spring-boot-starter-json\3.3.4\spring-boot-starter-json-3.3.4.jar;C:\Users\Admin\.m2\repository\com\fasterxml\jackson\datatype\jackson-datatype-jdk8\2.17.2\jackson-datatype-jdk8-2.17.2.jar;C:\Users\Admin\.m2\repository\com\fasterxml\jackson\datatype\jackson-datatype-jsr310\2.17.2\jackson-datatype-jsr310-2.17.2.jar;C:\Users\Admin\.m2\repository\com\fasterxml\jackson\module\jackson-module-parameter-names\2.17.2\jackson-module-parameter-names-2.17.2.jar;C:\Users\Admin\.m2\repository\org\springframework\boot\spring-boot-starter-tomcat\3.3.4\spring-boot-starter-tomcat-3.3.4.jar;C:\Users\Admin\.m2\repository\org\apache\tomcat\embed\tomcat-embed-core\10.1.30\tomcat-embed-core-10.1.30.jar;C:\Users\Admin\.m2\repository\org\apache\tomcat\embed\tomcat-embed-el\10.1.30\tomcat-embed-el-10.1.30.jar;C:\Users\Admin\.m2\repository\org\apache\tomcat\embed\tomcat-embed-websocket\10.1.30\tomcat-embed-websocket-10.1.30.jar;C:\Users\Admin\.m2\repository\org\springframework\spring-web\6.1.13\spring-web-6.1.13.jar;C:\Users\Admin\.m2\repository\io\micrometer\micrometer-observation\1.13.4\micrometer-observation-1.13.4.jar;C:\Users\Admin\.m2\repository\io\micrometer\micrometer-commons\1.13.4\micrometer-commons-1.13.4.jar;C:\Users\Admin\.m2\repository\org\springframework\spring-webmvc\6.1.13\spring-webmvc-6.1.13.jar;C:\Users\Admin\.m2\repository\org\springframework\boot\spring-boot-devtools\3.3.4\spring-boot-devtools-3.3.4.jar;C:\Users\Admin\.m2\repository\org\springframework\boot\spring-boot\3.3.4\spring-boot-3.3.4.jar;C:\Users\Admin\.m2\repository\org\springframework\boot\spring-boot-autoconfigure\3.3.4\spring-boot-autoconfigure-3.3.4.jar;C:\Users\Admin\.m2\repository\org\postgresql\postgresql\42.7.4\postgresql-42.7.4.jar;C:\Users\Admin\.m2\repository\org\checkerframework\checker-qual\3.42.0\checker-qual-3.42.0.jar;C:\Users\Admin\.m2\repository\org\projectlombok\lombok\1.18.34\lombok-1.18.34.jar;C:\Users\Admin\.m2\repository\jakarta\xml\bind\jakarta.xml.bind-api\4.0.2\jakarta.xml.bind-api-4.0.2.jar;C:\Users\Admin\.m2\repository\org\springframework\spring-core\6.1.13\spring-core-6.1.13.jar;C:\Users\Admin\.m2\repository\org\springframework\spring-jcl\6.1.13\spring-jcl-6.1.13.jar;C:\Users\Admin\.m2\repository\org\springframework\security\spring-security-core\6.3.3\spring-security-core-6.3.3.jar;C:\Users\Admin\.m2\repository\org\springframework\security\spring-security-crypto\6.3.3\spring-security-crypto-6.3.3.jar;C:\Users\Admin\.m2\repository\io\jsonwebtoken\jjwt\0.9.1\jjwt-0.9.1.jar;C:\Users\Admin\.m2\repository\com\fasterxml\jackson\core\jackson-databind\2.17.2\jackson-databind-2.17.2.jar;C:\Users\Admin\.m2\repository\com\fasterxml\jackson\core\jackson-annotations\2.17.2\jackson-annotations-2.17.2.jar;C:\Users\Admin\.m2\repository\com\fasterxml\jackson\core\jackson-core\2.17.2\jackson-core-2.17.2.jar;C:\Users\Admin\.m2\repository\javax\xml\bind\jaxb-api\2.3.1\jaxb-api-2.3.1.jar;C:\Users\Admin\.m2\repository\javax\activation\javax.activation-api\1.2.0\javax.activation-api-1.2.0.jar;C:\Users\Admin\.m2\repository\org\glassfish\jaxb\jaxb-runtime\2.3.1\jaxb-runtime-2.3.1.jar;C:\Users\Admin\.m2\repository\org\glassfish\jaxb\txw2\4.0.5\txw2-4.0.5.jar;C:\Users\Admin\.m2\repository\com\sun\istack\istack-commons-runtime\4.1.2\istack-commons-runtime-4.1.2.jar;C:\Users\Admin\.m2\repository\org\jvnet\staxex\stax-ex\2.1.0\stax-ex-2.1.0.jar;C:\Users\Admin\.m2\repository\com\sun\xml\fastinfoset\FastInfoset\2.1.1\FastInfoset-2.1.1.jar
Launcher Type: SUN_STANDARD

[Global flags]
     intx CICompilerCount                          = 2                                         {product} {ergonomic}
   size_t InitialHeapSize                          = 197132288                                 {product} {ergonomic}
     bool ManagementServer                         = true                                      {product} {command line}
   size_t MaxHeapSize                              = 3152019456                                {product} {ergonomic}
   size_t MaxNewSize                               = 1050673152                                {product} {ergonomic}
   size_t MinHeapDeltaBytes                        = 196608                                    {product} {ergonomic}
   size_t MinHeapSize                              = 8388608                                   {product} {ergonomic}
   size_t NewSize                                  = 65667072                                  {product} {ergonomic}
    uintx NonNMethodCodeHeapSize                   = 4096                                   {pd product} {ergonomic}
    uintx NonProfiledCodeHeapSize                  = 0                                      {pd product} {ergonomic}
   size_t OldSize                                  = 131465216                                 {product} {ergonomic}
     bool PerfDisableSharedMem                     = true                                      {product} {ergonomic}
     bool ProfileInterpreter                       = false                                  {pd product} {command line}
    uintx ProfiledCodeHeapSize                     = 0                                      {pd product} {ergonomic}
     bool ShowCodeDetailsInExceptionMessages       = true                                   {manageable} {command line}
   size_t SoftMaxHeapSize                          = 3152019456                             {manageable} {ergonomic}
     intx TieredStopAtLevel                        = 1                                         {product} {command line}
     bool UseCompressedOops                        = true                           {product lp64_product} {ergonomic}
     bool UseLargePagesIndividualAllocation        = false                                  {pd product} {ergonomic}
     bool UseSerialGC                              = true                                      {product} {ergonomic}

Logging:
Log output configuration:
 #0: stdout all=warning uptime,level,tags foldmultilines=false
 #1: stderr all=off uptime,level,tags foldmultilines=false

Environment Variables:
JAVA_HOME=C:\Program Files\Java\jdk1.8.0_202
PATH=E:/Application/sts-4.24.0.RELEASE//plugins/org.eclipse.justj.openjdk.hotspot.jre.full.win32.x86_64_21.0.3.v20240426-1530/jre/bin/server;E:/Application/sts-4.24.0.RELEASE//plugins/org.eclipse.justj.openjdk.hotspot.jre.full.win32.x86_64_21.0.3.v20240426-1530/jre/bin;C:\Python312\Scripts\;C:\Python312\;C:\Program Files\Common Files\Oracle\Java\javapath;C:\Program Files (x86)\Common Files\Oracle\Java\javapath;C:\WINDOWS\system32;C:\WINDOWS;C:\WINDOWS\System32\Wbem;C:\WINDOWS\System32\WindowsPowerShell\v1.0\;C:\WINDOWS\System32\OpenSSH\;C:\Program Files\Java\jdk1.8.0_202\bin;C:\Program Files\Git\cmd;C:\Program Files\nodejs\;C:\ProgramData\chocolatey\bin;C:\Program Files\MySQL\MySQL Shell 8.0\bin\;C:\Users\Admin\AppData\Local\Microsoft\WindowsApps;C:\Program Files\Java\jdk1.8.0_202\bin;C:\Users\Admin\AppData\Local\Programs\Microsoft VS Code\bin;C:\Users\Admin\AppData\Roaming\npm;E:\Application\sts-4.24.0.RELEASE;
USERNAME=Admin
OS=Windows_NT
PROCESSOR_IDENTIFIER=Intel64 Family 6 Model 140 Stepping 1, GenuineIntel
TMP=C:\Users\Admin\AppData\Local\Temp
TEMP=C:\Users\Admin\AppData\Local\Temp




Periodic native trim disabled

---------------  S Y S T E M  ---------------

OS:
 Windows 11 , 64 bit Build 22621 (10.0.22621.3958)
OS uptime: 0 days 4:49 hours

CPU: total 1 (initial active 1) (2 cores per cpu, 2 threads per core) family 6 model 140 stepping 1 microcode 0xac, cx8, cmov, fxsr, ht, mmx, 3dnowpref, sse, sse2, sse3, ssse3, sse4.1, sse4.2, popcnt, lzcnt, tsc, tscinvbit, avx, avx2, erms, clmul, bmi1, bmi2, adx, avx512f, avx512dq, avx512cd, avx512bw, avx512vl, sha, fma, vzeroupper, avx512_vpopcntdq, avx512_vpclmulqdq, avx512_vnni, clflush, clflushopt, clwb, avx512_vbmi2, avx512_vbmi, rdtscp, rdpid, fsrm, gfni, avx512_bitalg, f16c, pku, cet_ibt, cet_ss, avx512_ifma
Processor Information for all 1 processors :
  Max Mhz: 2995, Current Mhz: 2995, Mhz Limit: 2995

Memory: 4k page, system-wide physical 12022M (905M free)
TotalPageFile size 15808M (AvailPageFile size 2503M)
current process WorkingSet (physical memory assigned to process): 260M, peak: 260M
current process commit charge ("private bytes"): 347M, peak: 348M

vm_info: Java HotSpot(TM) 64-Bit Server VM (22.0.1+8-16) for windows-amd64 JRE (22.0.1+8-16), built on 2024-03-12T10:33:16Z by "mach5one" with MS VC++ 17.6 (VS2022)

END.
